{"/Users/work/Github/dl-validation/src/index.ts": {"path":"/Users/work/Github/dl-validation/src/index.ts","statementMap":{"0":{"start":{"line":7,"column":4},"end":{"line":66,"column":6}},"1":{"start":{"line":69,"column":18},"end":{"line":69,"column":50}},"2":{"start":{"line":70,"column":4},"end":{"line":70,"column":43}},"3":{"start":{"line":74,"column":0},"end":{"line":74,"column":null}},"4":{"start":{"line":76,"column":0},"end":{"line":76,"column":36}}},"fnMap":{"0":{"name":"(anonymous_0)","decl":{"start":{"line":6,"column":2},"end":{"line":6,"column":null}},"loc":{"start":{"line":6,"column":2},"end":{"line":67,"column":3}}},"1":{"name":"(anonymous_1)","decl":{"start":{"line":68,"column":2},"end":{"line":68,"column":10}},"loc":{"start":{"line":68,"column":39},"end":{"line":71,"column":3}}}},"branchMap":{},"s":{"0":2,"1":353,"2":353,"3":1,"4":1},"f":{"0":2,"1":353},"b":{}}
}
