TN:
SF:src/index.ts
FN:2,DLValidation
FN:64,validate
FNF:2
FNH:2
FNDA:1,DLValidation
FNDA:353,validate
DA:1,1
DA:2,1
DA:3,1
DA:4,1
DA:5,1
DA:6,1
DA:7,1
DA:8,1
DA:9,1
DA:10,1
DA:11,1
DA:12,1
DA:13,1
DA:14,1
DA:15,1
DA:16,1
DA:17,1
DA:18,1
DA:19,1
DA:20,1
DA:21,1
DA:22,1
DA:23,1
DA:24,1
DA:25,1
DA:26,1
DA:27,1
DA:28,1
DA:29,1
DA:30,1
DA:31,1
DA:32,1
DA:33,1
DA:34,1
DA:35,1
DA:36,1
DA:37,1
DA:38,1
DA:39,1
DA:40,1
DA:41,1
DA:42,1
DA:43,1
DA:44,1
DA:45,1
DA:46,1
DA:47,1
DA:48,1
DA:49,1
DA:50,1
DA:51,1
DA:52,1
DA:53,1
DA:54,1
DA:55,1
DA:56,1
DA:57,1
DA:58,1
DA:59,1
DA:60,1
DA:61,1
DA:62,1
DA:63,1
DA:64,1
DA:65,353
DA:66,353
DA:67,353
DA:68,1
DA:69,1
DA:70,1
DA:71,1
LF:71
LH:71
BRDA:2,0,0,1
BRDA:64,1,0,353
BRF:2
BRH:2
end_of_record
TN:
SF:tests/DLTestNumbers.js
FN:1,DLTestNumbers
FNF:1
FNH:1
FNDA:53,DLTestNumbers
DA:1,1
DA:2,53
DA:3,53
DA:4,53
DA:5,53
DA:6,53
DA:7,53
DA:8,53
DA:9,53
DA:10,53
DA:11,53
DA:12,53
DA:13,53
DA:14,53
DA:15,53
DA:16,53
DA:17,53
DA:18,53
DA:19,53
DA:20,53
DA:21,53
DA:22,53
DA:23,53
DA:24,53
DA:25,53
DA:26,53
DA:27,53
DA:28,53
DA:29,53
DA:30,53
DA:31,53
DA:32,53
DA:33,53
DA:34,53
DA:35,53
DA:36,53
DA:37,53
DA:38,53
DA:39,53
DA:40,53
DA:41,53
DA:42,53
DA:43,53
DA:44,53
DA:45,53
DA:46,53
DA:47,53
DA:48,53
DA:49,53
DA:50,53
DA:51,53
DA:52,53
DA:53,53
DA:54,53
DA:55,53
DA:56,53
DA:57,53
DA:58,53
DA:59,53
DA:60,53
DA:61,53
DA:62,53
DA:63,53
DA:64,53
DA:65,53
DA:66,53
DA:67,53
DA:68,53
DA:69,53
DA:70,53
DA:71,53
DA:72,53
DA:73,53
DA:74,53
DA:75,53
DA:76,53
DA:77,53
DA:78,53
DA:79,53
DA:80,53
DA:81,53
DA:82,53
DA:83,53
DA:84,53
DA:85,53
DA:86,53
DA:87,53
DA:88,53
DA:89,53
DA:90,53
DA:91,53
DA:92,53
DA:93,53
DA:94,53
DA:95,53
DA:96,53
DA:97,53
DA:98,53
DA:99,53
DA:100,53
DA:101,53
DA:102,53
DA:103,53
DA:104,53
DA:105,53
DA:106,53
DA:107,53
DA:108,53
DA:109,53
DA:110,53
DA:111,53
DA:112,53
DA:113,53
DA:114,53
DA:115,53
DA:116,53
DA:117,53
DA:118,53
DA:119,53
DA:120,53
DA:121,53
DA:122,53
DA:123,53
DA:124,53
DA:125,53
DA:126,53
DA:127,53
DA:128,53
DA:129,53
DA:130,53
DA:131,53
DA:132,53
DA:133,53
DA:134,53
DA:135,53
DA:136,53
DA:137,53
DA:138,53
DA:139,53
DA:140,53
DA:141,53
DA:142,53
DA:143,53
DA:144,53
DA:145,53
DA:146,53
DA:147,53
DA:148,53
DA:149,53
DA:150,53
DA:151,53
DA:152,53
DA:153,53
DA:154,53
DA:155,53
DA:156,53
DA:157,53
DA:158,53
DA:159,53
DA:160,53
DA:161,53
DA:162,53
DA:163,53
DA:164,53
DA:165,53
DA:166,53
DA:167,53
DA:168,53
DA:169,53
DA:170,53
DA:171,53
DA:172,53
DA:173,53
DA:174,53
DA:175,53
DA:176,53
DA:177,53
DA:178,53
DA:179,53
DA:180,53
DA:181,53
DA:182,53
DA:183,53
DA:184,53
DA:185,53
DA:186,53
DA:187,53
DA:188,53
DA:189,53
DA:190,53
DA:191,53
DA:192,53
DA:193,53
DA:194,53
DA:195,53
DA:196,53
DA:197,53
DA:198,53
DA:199,53
DA:200,53
DA:201,53
DA:202,53
DA:203,53
DA:204,53
DA:205,53
DA:206,53
DA:207,53
DA:208,53
DA:209,53
DA:210,53
DA:211,53
DA:212,53
DA:213,53
DA:214,53
DA:215,53
DA:216,53
DA:217,53
DA:218,53
DA:219,53
DA:220,53
DA:221,53
DA:222,53
DA:223,53
DA:224,53
DA:225,53
DA:226,53
DA:227,53
DA:228,53
DA:229,53
DA:230,53
DA:231,53
DA:232,53
DA:233,53
DA:234,53
DA:235,53
DA:236,53
DA:237,53
DA:238,53
DA:239,53
DA:240,53
DA:241,53
DA:242,53
DA:243,53
DA:244,53
DA:245,53
DA:246,53
DA:247,53
DA:248,53
DA:249,53
DA:250,53
DA:251,53
DA:252,53
DA:253,53
DA:254,53
DA:255,53
DA:256,53
DA:257,53
DA:258,53
DA:259,53
DA:260,53
DA:261,53
DA:262,53
DA:263,53
DA:264,53
DA:265,53
DA:266,53
DA:267,53
DA:268,53
DA:269,53
DA:270,53
DA:271,53
DA:272,53
DA:273,53
DA:274,53
DA:275,53
DA:276,53
DA:277,53
DA:278,53
DA:279,53
DA:280,53
DA:281,53
DA:282,53
DA:283,53
DA:284,53
DA:285,53
DA:286,53
DA:287,53
DA:288,53
DA:289,53
DA:290,53
DA:291,53
DA:292,53
DA:293,53
DA:294,53
DA:295,53
DA:296,53
DA:297,53
DA:298,53
DA:299,53
DA:300,53
DA:301,53
DA:302,53
DA:303,53
DA:304,53
DA:305,53
DA:306,53
DA:307,53
DA:308,53
DA:309,53
DA:310,53
DA:311,53
DA:312,53
DA:313,53
DA:314,53
DA:315,53
DA:316,53
DA:317,53
DA:318,53
DA:319,53
DA:320,53
DA:321,53
DA:322,53
DA:323,53
DA:324,53
DA:325,53
DA:326,53
DA:327,53
DA:328,53
DA:329,53
DA:330,53
DA:331,53
DA:332,53
DA:333,53
DA:334,53
DA:335,53
DA:336,53
DA:337,53
DA:338,53
DA:339,53
DA:340,53
DA:341,53
DA:342,53
DA:343,53
DA:344,53
DA:345,53
DA:346,53
DA:347,53
DA:348,53
DA:349,53
DA:350,53
DA:351,53
DA:352,53
DA:353,53
DA:354,53
DA:355,53
DA:356,53
DA:357,53
DA:358,53
DA:359,53
DA:360,53
DA:361,53
DA:362,53
DA:363,53
DA:364,53
DA:365,53
DA:366,53
DA:367,53
DA:368,53
DA:369,53
DA:370,53
DA:371,53
DA:372,53
DA:373,53
DA:374,53
DA:375,53
DA:376,53
DA:377,53
DA:378,53
DA:379,53
DA:380,53
DA:381,53
DA:382,53
DA:383,53
DA:384,53
DA:385,53
DA:386,53
DA:387,53
DA:388,53
DA:389,53
DA:390,52
DA:391,53
DA:392,1
DA:393,1
DA:394,53
DA:395,1
DA:396,1
DA:397,1
LF:397
LH:397
BRDA:1,0,0,53
BRDA:389,1,0,52
BRDA:391,2,0,1
BRF:3
BRH:3
end_of_record
