TN:
SF:index.js
FN:1,DriversLicenseValidation
FNF:1
FNH:1
FNDA:360,DriversLicenseValidation
DA:1,1
DA:2,360
DA:3,360
DA:4,360
DA:5,360
DA:6,360
DA:7,360
DA:8,360
DA:9,360
DA:10,360
DA:11,360
DA:12,360
DA:13,360
DA:14,360
DA:15,360
DA:16,360
DA:17,360
DA:18,360
DA:19,360
DA:20,360
DA:21,360
DA:22,360
DA:23,360
DA:24,360
DA:25,360
DA:26,360
DA:27,360
DA:28,360
DA:29,360
DA:30,360
DA:31,360
DA:32,360
DA:33,360
DA:34,360
DA:35,360
DA:36,360
DA:37,360
DA:38,360
DA:39,360
DA:40,360
DA:41,360
DA:42,360
DA:43,360
DA:44,360
DA:45,360
DA:46,360
DA:47,360
DA:48,360
DA:49,360
DA:50,360
DA:51,360
DA:52,360
DA:53,360
DA:54,360
DA:55,360
DA:56,360
DA:57,360
DA:58,360
DA:59,360
DA:60,360
DA:61,360
DA:62,360
DA:63,360
DA:64,360
DA:65,360
DA:66,360
DA:67,1
DA:68,1
LF:68
LH:68
BRDA:1,0,0,360
BRF:1
BRH:1
end_of_record
TN:
SF:tests/DLTestNumbers.js
FN:1,DLTestNumbers
FNF:1
FNH:1
FNDA:54,DLTestNumbers
DA:1,1
DA:2,54
DA:3,54
DA:4,54
DA:5,54
DA:6,54
DA:7,54
DA:8,54
DA:9,54
DA:10,54
DA:11,54
DA:12,54
DA:13,54
DA:14,54
DA:15,54
DA:16,54
DA:17,54
DA:18,54
DA:19,54
DA:20,54
DA:21,54
DA:22,54
DA:23,54
DA:24,54
DA:25,54
DA:26,54
DA:27,54
DA:28,54
DA:29,54
DA:30,54
DA:31,54
DA:32,54
DA:33,54
DA:34,54
DA:35,54
DA:36,54
DA:37,54
DA:38,54
DA:39,54
DA:40,54
DA:41,54
DA:42,54
DA:43,54
DA:44,54
DA:45,54
DA:46,54
DA:47,54
DA:48,54
DA:49,54
DA:50,54
DA:51,54
DA:52,54
DA:53,54
DA:54,54
DA:55,54
DA:56,54
DA:57,54
DA:58,54
DA:59,54
DA:60,54
DA:61,54
DA:62,54
DA:63,54
DA:64,54
DA:65,54
DA:66,54
DA:67,54
DA:68,54
DA:69,54
DA:70,54
DA:71,54
DA:72,54
DA:73,54
DA:74,54
DA:75,54
DA:76,54
DA:77,54
DA:78,54
DA:79,54
DA:80,54
DA:81,54
DA:82,54
DA:83,54
DA:84,54
DA:85,54
DA:86,54
DA:87,54
DA:88,54
DA:89,54
DA:90,54
DA:91,54
DA:92,54
DA:93,54
DA:94,54
DA:95,54
DA:96,54
DA:97,54
DA:98,54
DA:99,54
DA:100,54
DA:101,54
DA:102,54
DA:103,54
DA:104,54
DA:105,54
DA:106,54
DA:107,54
DA:108,54
DA:109,54
DA:110,54
DA:111,54
DA:112,54
DA:113,54
DA:114,54
DA:115,54
DA:116,54
DA:117,54
DA:118,54
DA:119,54
DA:120,54
DA:121,54
DA:122,54
DA:123,54
DA:124,54
DA:125,54
DA:126,54
DA:127,54
DA:128,54
DA:129,54
DA:130,54
DA:131,54
DA:132,54
DA:133,54
DA:134,54
DA:135,54
DA:136,54
DA:137,54
DA:138,54
DA:139,54
DA:140,54
DA:141,54
DA:142,54
DA:143,54
DA:144,54
DA:145,54
DA:146,54
DA:147,54
DA:148,54
DA:149,54
DA:150,54
DA:151,54
DA:152,54
DA:153,54
DA:154,54
DA:155,54
DA:156,54
DA:157,54
DA:158,54
DA:159,54
DA:160,54
DA:161,54
DA:162,54
DA:163,54
DA:164,54
DA:165,54
DA:166,54
DA:167,54
DA:168,54
DA:169,54
DA:170,54
DA:171,54
DA:172,54
DA:173,54
DA:174,54
DA:175,54
DA:176,54
DA:177,54
DA:178,54
DA:179,54
DA:180,54
DA:181,54
DA:182,54
DA:183,54
DA:184,54
DA:185,54
DA:186,54
DA:187,54
DA:188,54
DA:189,54
DA:190,54
DA:191,54
DA:192,54
DA:193,54
DA:194,54
DA:195,54
DA:196,54
DA:197,54
DA:198,54
DA:199,54
DA:200,54
DA:201,54
DA:202,54
DA:203,54
DA:204,54
DA:205,54
DA:206,54
DA:207,54
DA:208,54
DA:209,54
DA:210,54
DA:211,54
DA:212,54
DA:213,54
DA:214,54
DA:215,54
DA:216,54
DA:217,54
DA:218,54
DA:219,54
DA:220,54
DA:221,54
DA:222,54
DA:223,54
DA:224,54
DA:225,54
DA:226,54
DA:227,54
DA:228,54
DA:229,54
DA:230,54
DA:231,54
DA:232,54
DA:233,54
DA:234,54
DA:235,54
DA:236,54
DA:237,54
DA:238,54
DA:239,54
DA:240,54
DA:241,54
DA:242,54
DA:243,54
DA:244,54
DA:245,54
DA:246,54
DA:247,54
DA:248,54
DA:249,54
DA:250,54
DA:251,54
DA:252,54
DA:253,54
DA:254,54
DA:255,54
DA:256,54
DA:257,54
DA:258,54
DA:259,54
DA:260,54
DA:261,54
DA:262,54
DA:263,54
DA:264,54
DA:265,54
DA:266,54
DA:267,54
DA:268,54
DA:269,54
DA:270,54
DA:271,54
DA:272,54
DA:273,54
DA:274,54
DA:275,54
DA:276,54
DA:277,54
DA:278,54
DA:279,54
DA:280,54
DA:281,54
DA:282,54
DA:283,54
DA:284,54
DA:285,54
DA:286,54
DA:287,54
DA:288,54
DA:289,54
DA:290,54
DA:291,54
DA:292,54
DA:293,54
DA:294,54
DA:295,54
DA:296,54
DA:297,54
DA:298,54
DA:299,54
DA:300,54
DA:301,54
DA:302,54
DA:303,54
DA:304,54
DA:305,54
DA:306,54
DA:307,54
DA:308,54
DA:309,54
DA:310,54
DA:311,54
DA:312,54
DA:313,54
DA:314,54
DA:315,54
DA:316,54
DA:317,54
DA:318,54
DA:319,54
DA:320,54
DA:321,54
DA:322,54
DA:323,54
DA:324,54
DA:325,54
DA:326,54
DA:327,54
DA:328,54
DA:329,54
DA:330,54
DA:331,54
DA:332,54
DA:333,54
DA:334,54
DA:335,54
DA:336,54
DA:337,54
DA:338,54
DA:339,54
DA:340,54
DA:341,54
DA:342,54
DA:343,54
DA:344,54
DA:345,54
DA:346,54
DA:347,54
DA:348,54
DA:349,54
DA:350,54
DA:351,54
DA:352,54
DA:353,54
DA:354,54
DA:355,54
DA:356,54
DA:357,54
DA:358,54
DA:359,54
DA:360,54
DA:361,54
DA:362,54
DA:363,54
DA:364,54
DA:365,54
DA:366,54
DA:367,54
DA:368,54
DA:369,54
DA:370,54
DA:371,54
DA:372,54
DA:373,54
DA:374,54
DA:375,54
DA:376,54
DA:377,54
DA:378,54
DA:379,54
DA:380,54
DA:381,54
DA:382,54
DA:383,54
DA:384,54
DA:385,54
DA:386,54
DA:387,54
DA:388,54
DA:389,54
DA:390,53
DA:391,54
DA:392,1
DA:393,1
DA:394,54
DA:395,1
DA:396,1
DA:397,1
LF:397
LH:397
BRDA:1,0,0,54
BRDA:389,1,0,53
BRDA:391,2,0,1
BRF:3
BRH:3
end_of_record
